<?xml version="1.0" encoding="UTF-8"?>
<!-- Generated by org.testng.reporters.JUnitReportReporter -->
<testsuite skipped="0" hostname="LAPTOP-0Q26RQO3" name="com.cucumber.runner.Runner" tests="2" failures="0" timestamp="26 Jan 2022 16:56:46 GMT" time="11.722" errors="0">
  <testcase name="runScenario" time="6.576" classname="com.cucumber.runner.Runner"/>
  <testcase name="runScenario" time="5.146" classname="com.cucumber.runner.Runner"/>
</testsuite> <!-- com.cucumber.runner.Runner -->
